<?xml version="1.0" encoding="UTF-8"?>
<!-- Generated by org.testng.reporters.JUnitReportReporter -->
<testsuite hostname="Palash" failures="0" tests="1" name="TestNGBasics.DemoTest" time="5.128" errors="0" timestamp="2022-10-03T18:02:46 IST" skipped="0">
  <testcase classname="TestNGBasics.DemoTest" name="setUp" time="5.128"/>
  <system-out/>
</testsuite> <!-- TestNGBasics.DemoTest -->
